2021-03-18 16:46:01.437  INFO 14008 --- [main] c.s.sylleryum.SylleryumApplicationTests  : Starting SylleryumApplicationTests on DESKTOP-LIC1FJT with PID 14008 (started by computador in C:\Eclipse\All projects\BoostMyVocabulary)
2021-03-18 16:46:01.501 DEBUG 14008 --- [main] c.s.sylleryum.SylleryumApplicationTests  : Running with Spring Boot v2.3.3.RELEASE, Spring v5.2.8.RELEASE
2021-03-18 16:46:01.501  INFO 14008 --- [main] c.s.sylleryum.SylleryumApplicationTests  : The following profiles are active: dev
2021-03-18 16:46:04.358  INFO 14008 --- [main] .s.d.r.c.RepositoryConfigurationDelegate : Bootstrapping Spring Data JPA repositories in DEFERRED mode.
2021-03-18 16:46:04.489  INFO 14008 --- [main] .s.d.r.c.RepositoryConfigurationDelegate : Finished Spring Data repository scanning in 116ms. Found 3 JPA repository interfaces.
2021-03-18 16:46:05.645  INFO 14008 --- [main] o.s.s.concurrent.ThreadPoolTaskExecutor  : Initializing ExecutorService 'applicationTaskExecutor'
2021-03-18 16:46:06.192  WARN 14008 --- [main] JpaBaseConfiguration$JpaWebConfiguration : spring.jpa.open-in-view is enabled by default. Therefore, database queries may be performed during view rendering. Explicitly configure spring.jpa.open-in-view to disable this warning
2021-03-18 16:46:06.973  INFO 14008 --- [task-1] com.zaxxer.hikari.HikariDataSource       : HikariPool-1 - Starting...
2021-03-18 16:46:08.915  INFO 14008 --- [task-1] com.zaxxer.hikari.HikariDataSource       : HikariPool-1 - Start completed.
2021-03-18 16:46:11.314  INFO 14008 --- [task-1] j.LocalContainerEntityManagerFactoryBean : Initialized JPA EntityManagerFactory for persistence unit 'default'
2021-03-18 16:46:12.350  INFO 14008 --- [main] o.s.s.web.DefaultSecurityFilterChain     : Creating filter chain: any request, [org.springframework.security.web.context.request.async.WebAsyncManagerIntegrationFilter@3355168, org.springframework.security.web.context.SecurityContextPersistenceFilter@701d2b59, org.springframework.security.web.header.HeaderWriterFilter@2342f1ff, org.springframework.web.filter.CorsFilter@2f07930a, org.springframework.security.web.authentication.logout.LogoutFilter@1377b1a0, com.sylleryum.sylleryum.config.security.JwtUsernameAndPasswordAuthenticationFilter@580c17a0, com.sylleryum.sylleryum.config.security.TokenFilter@29d2fa84, org.springframework.security.web.savedrequest.RequestCacheAwareFilter@27896d3b, org.springframework.security.web.servletapi.SecurityContextHolderAwareRequestFilter@579846cc, org.springframework.security.web.authentication.AnonymousAuthenticationFilter@4540c7, org.springframework.security.web.session.SessionManagementFilter@1570cad0, org.springframework.security.web.access.ExceptionTranslationFilter@51f01535, org.springframework.security.web.access.intercept.FilterSecurityInterceptor@69fe7090]
2021-03-18 16:46:12.926  INFO 14008 --- [main] DeferredRepositoryInitializationListener : Triggering deferred initialization of Spring Data repositories…
2021-03-18 16:46:13.074  INFO 14008 --- [main] DeferredRepositoryInitializationListener : Spring Data repositories initialized!
2021-03-18 16:46:13.082  INFO 14008 --- [main] c.s.sylleryum.SylleryumApplicationTests  : Started SylleryumApplicationTests in 12.112 seconds (JVM running for 14.736)
2021-03-18 16:46:17.199  INFO 14008 --- [SpringContextShutdownHook] j.LocalContainerEntityManagerFactoryBean : Closing JPA EntityManagerFactory for persistence unit 'default'
2021-03-18 16:46:17.203  INFO 14008 --- [SpringContextShutdownHook] o.s.s.concurrent.ThreadPoolTaskExecutor  : Shutting down ExecutorService 'applicationTaskExecutor'
2021-03-18 16:46:17.203  INFO 14008 --- [SpringContextShutdownHook] com.zaxxer.hikari.HikariDataSource       : HikariPool-1 - Shutdown initiated...
2021-03-18 16:46:17.223  INFO 14008 --- [SpringContextShutdownHook] com.zaxxer.hikari.HikariDataSource       : HikariPool-1 - Shutdown completed.
2021-03-18 16:52:21.903  INFO 12788 --- [main] c.s.sylleryum.SylleryumApplicationTests  : Starting SylleryumApplicationTests on DESKTOP-LIC1FJT with PID 12788 (started by computador in C:\Eclipse\All projects\BoostMyVocabulary)
2021-03-18 16:52:21.905 DEBUG 12788 --- [main] c.s.sylleryum.SylleryumApplicationTests  : Running with Spring Boot v2.3.3.RELEASE, Spring v5.2.8.RELEASE
2021-03-18 16:52:21.905  INFO 12788 --- [main] c.s.sylleryum.SylleryumApplicationTests  : The following profiles are active: dev
2021-03-18 16:52:22.909  INFO 12788 --- [main] .s.d.r.c.RepositoryConfigurationDelegate : Bootstrapping Spring Data JPA repositories in DEFERRED mode.
2021-03-18 16:52:23.006  INFO 12788 --- [main] .s.d.r.c.RepositoryConfigurationDelegate : Finished Spring Data repository scanning in 83ms. Found 3 JPA repository interfaces.
2021-03-18 16:52:23.709  INFO 12788 --- [main] o.s.s.concurrent.ThreadPoolTaskExecutor  : Initializing ExecutorService 'applicationTaskExecutor'
2021-03-18 16:52:24.037  WARN 12788 --- [main] JpaBaseConfiguration$JpaWebConfiguration : spring.jpa.open-in-view is enabled by default. Therefore, database queries may be performed during view rendering. Explicitly configure spring.jpa.open-in-view to disable this warning
2021-03-18 16:52:24.401  INFO 12788 --- [task-1] com.zaxxer.hikari.HikariDataSource       : HikariPool-1 - Starting...
2021-03-18 16:52:24.636  INFO 12788 --- [task-1] com.zaxxer.hikari.HikariDataSource       : HikariPool-1 - Start completed.
2021-03-18 16:52:26.417  INFO 12788 --- [task-1] j.LocalContainerEntityManagerFactoryBean : Initialized JPA EntityManagerFactory for persistence unit 'default'
2021-03-18 16:52:27.316  INFO 12788 --- [main] o.s.s.web.DefaultSecurityFilterChain     : Creating filter chain: any request, [org.springframework.security.web.context.request.async.WebAsyncManagerIntegrationFilter@3d798e76, org.springframework.security.web.context.SecurityContextPersistenceFilter@6e5f5478, org.springframework.security.web.header.HeaderWriterFilter@22c8ee48, org.springframework.web.filter.CorsFilter@763b0996, org.springframework.security.web.authentication.logout.LogoutFilter@64f3ca6, com.sylleryum.sylleryum.config.security.JwtUsernameAndPasswordAuthenticationFilter@386e9fd8, com.sylleryum.sylleryum.config.security.TokenFilter@618f627b, org.springframework.security.web.savedrequest.RequestCacheAwareFilter@49190ed6, org.springframework.security.web.servletapi.SecurityContextHolderAwareRequestFilter@3303e89e, org.springframework.security.web.authentication.AnonymousAuthenticationFilter@10745a02, org.springframework.security.web.session.SessionManagementFilter@2321e482, org.springframework.security.web.access.ExceptionTranslationFilter@15e08615, org.springframework.security.web.access.intercept.FilterSecurityInterceptor@12aa519b]
2021-03-18 16:52:27.851  INFO 12788 --- [main] DeferredRepositoryInitializationListener : Triggering deferred initialization of Spring Data repositories…
2021-03-18 16:52:28.003  INFO 12788 --- [main] DeferredRepositoryInitializationListener : Spring Data repositories initialized!
2021-03-18 16:52:28.018  INFO 12788 --- [main] c.s.sylleryum.SylleryumApplicationTests  : Started SylleryumApplicationTests in 6.452 seconds (JVM running for 7.991)
2021-03-18 16:53:43.465  WARN 12788 --- [HikariPool-1 housekeeper] com.zaxxer.hikari.pool.HikariPool        : HikariPool-1 - Thread starvation or clock leap detected (housekeeper delta=1m18s717ms658µs800ns).
2021-03-18 16:53:43.495  INFO 12788 --- [SpringContextShutdownHook] j.LocalContainerEntityManagerFactoryBean : Closing JPA EntityManagerFactory for persistence unit 'default'
2021-03-18 16:53:43.497  INFO 12788 --- [SpringContextShutdownHook] o.s.s.concurrent.ThreadPoolTaskExecutor  : Shutting down ExecutorService 'applicationTaskExecutor'
2021-03-18 16:53:43.498  INFO 12788 --- [SpringContextShutdownHook] com.zaxxer.hikari.HikariDataSource       : HikariPool-1 - Shutdown initiated...
2021-03-18 16:53:43.508  INFO 12788 --- [SpringContextShutdownHook] com.zaxxer.hikari.HikariDataSource       : HikariPool-1 - Shutdown completed.
2021-03-18 16:53:48.560  INFO 18140 --- [main] c.s.sylleryum.SylleryumApplicationTests  : Starting SylleryumApplicationTests on DESKTOP-LIC1FJT with PID 18140 (started by computador in C:\Eclipse\All projects\BoostMyVocabulary)
2021-03-18 16:53:48.562 DEBUG 18140 --- [main] c.s.sylleryum.SylleryumApplicationTests  : Running with Spring Boot v2.3.3.RELEASE, Spring v5.2.8.RELEASE
2021-03-18 16:53:48.562  INFO 18140 --- [main] c.s.sylleryum.SylleryumApplicationTests  : The following profiles are active: dev
2021-03-18 16:53:49.459  INFO 18140 --- [main] .s.d.r.c.RepositoryConfigurationDelegate : Bootstrapping Spring Data JPA repositories in DEFERRED mode.
2021-03-18 16:53:49.548  INFO 18140 --- [main] .s.d.r.c.RepositoryConfigurationDelegate : Finished Spring Data repository scanning in 79ms. Found 3 JPA repository interfaces.
2021-03-18 16:53:50.260  INFO 18140 --- [main] o.s.s.concurrent.ThreadPoolTaskExecutor  : Initializing ExecutorService 'applicationTaskExecutor'
2021-03-18 16:53:50.601  WARN 18140 --- [main] JpaBaseConfiguration$JpaWebConfiguration : spring.jpa.open-in-view is enabled by default. Therefore, database queries may be performed during view rendering. Explicitly configure spring.jpa.open-in-view to disable this warning
2021-03-18 16:53:51.232  INFO 18140 --- [task-1] com.zaxxer.hikari.HikariDataSource       : HikariPool-1 - Starting...
2021-03-18 16:53:51.476  INFO 18140 --- [task-1] com.zaxxer.hikari.HikariDataSource       : HikariPool-1 - Start completed.
2021-03-18 16:53:53.588  INFO 18140 --- [task-1] j.LocalContainerEntityManagerFactoryBean : Initialized JPA EntityManagerFactory for persistence unit 'default'
2021-03-18 16:53:54.606  INFO 18140 --- [main] o.s.s.web.DefaultSecurityFilterChain     : Creating filter chain: any request, [org.springframework.security.web.context.request.async.WebAsyncManagerIntegrationFilter@70d5d96b, org.springframework.security.web.context.SecurityContextPersistenceFilter@2342f1ff, org.springframework.security.web.header.HeaderWriterFilter@49190ed6, org.springframework.web.filter.CorsFilter@23469199, org.springframework.security.web.authentication.logout.LogoutFilter@6e239337, com.sylleryum.sylleryum.config.security.JwtUsernameAndPasswordAuthenticationFilter@75dc1c1c, com.sylleryum.sylleryum.config.security.TokenFilter@5611bba, org.springframework.security.web.savedrequest.RequestCacheAwareFilter@1570cad0, org.springframework.security.web.servletapi.SecurityContextHolderAwareRequestFilter@3ed7dd70, org.springframework.security.web.authentication.AnonymousAuthenticationFilter@5ba184fc, org.springframework.security.web.session.SessionManagementFilter@2a19a0fe, org.springframework.security.web.access.ExceptionTranslationFilter@456aa471, org.springframework.security.web.access.intercept.FilterSecurityInterceptor@64757d56]
2021-03-18 16:53:55.225  INFO 18140 --- [main] DeferredRepositoryInitializationListener : Triggering deferred initialization of Spring Data repositories…
2021-03-18 16:53:55.377  INFO 18140 --- [main] DeferredRepositoryInitializationListener : Spring Data repositories initialized!
2021-03-18 16:53:55.396  INFO 18140 --- [main] c.s.sylleryum.SylleryumApplicationTests  : Started SylleryumApplicationTests in 7.178 seconds (JVM running for 8.728)
2021-03-18 16:55:08.192  WARN 18140 --- [HikariPool-1 housekeeper] com.zaxxer.hikari.pool.HikariPool        : HikariPool-1 - Thread starvation or clock leap detected (housekeeper delta=1m16s603ms316µs600ns).
2021-03-18 16:55:08.221  INFO 18140 --- [SpringContextShutdownHook] j.LocalContainerEntityManagerFactoryBean : Closing JPA EntityManagerFactory for persistence unit 'default'
2021-03-18 16:55:08.224  INFO 18140 --- [SpringContextShutdownHook] o.s.s.concurrent.ThreadPoolTaskExecutor  : Shutting down ExecutorService 'applicationTaskExecutor'
2021-03-18 16:55:08.224  INFO 18140 --- [SpringContextShutdownHook] com.zaxxer.hikari.HikariDataSource       : HikariPool-1 - Shutdown initiated...
2021-03-18 16:55:08.246  INFO 18140 --- [SpringContextShutdownHook] com.zaxxer.hikari.HikariDataSource       : HikariPool-1 - Shutdown completed.
2021-03-18 16:55:18.087  INFO 10528 --- [main] c.s.sylleryum.SylleryumApplicationTests  : Starting SylleryumApplicationTests on DESKTOP-LIC1FJT with PID 10528 (started by computador in C:\Eclipse\All projects\BoostMyVocabulary)
2021-03-18 16:55:18.089 DEBUG 10528 --- [main] c.s.sylleryum.SylleryumApplicationTests  : Running with Spring Boot v2.3.3.RELEASE, Spring v5.2.8.RELEASE
2021-03-18 16:55:18.089  INFO 10528 --- [main] c.s.sylleryum.SylleryumApplicationTests  : The following profiles are active: dev
2021-03-18 16:55:19.131  INFO 10528 --- [main] .s.d.r.c.RepositoryConfigurationDelegate : Bootstrapping Spring Data JPA repositories in DEFERRED mode.
2021-03-18 16:55:19.243  INFO 10528 --- [main] .s.d.r.c.RepositoryConfigurationDelegate : Finished Spring Data repository scanning in 98ms. Found 3 JPA repository interfaces.
2021-03-18 16:55:20.110  INFO 10528 --- [main] o.s.s.concurrent.ThreadPoolTaskExecutor  : Initializing ExecutorService 'applicationTaskExecutor'
2021-03-18 16:55:20.425  WARN 10528 --- [main] JpaBaseConfiguration$JpaWebConfiguration : spring.jpa.open-in-view is enabled by default. Therefore, database queries may be performed during view rendering. Explicitly configure spring.jpa.open-in-view to disable this warning
2021-03-18 16:55:20.831  INFO 10528 --- [task-1] com.zaxxer.hikari.HikariDataSource       : HikariPool-1 - Starting...
2021-03-18 16:55:21.082  INFO 10528 --- [task-1] com.zaxxer.hikari.HikariDataSource       : HikariPool-1 - Start completed.
2021-03-18 16:55:22.905  INFO 10528 --- [task-1] j.LocalContainerEntityManagerFactoryBean : Initialized JPA EntityManagerFactory for persistence unit 'default'
2021-03-18 16:55:23.919  INFO 10528 --- [main] o.s.s.web.DefaultSecurityFilterChain     : Creating filter chain: any request, [org.springframework.security.web.context.request.async.WebAsyncManagerIntegrationFilter@3d798e76, org.springframework.security.web.context.SecurityContextPersistenceFilter@6e5f5478, org.springframework.security.web.header.HeaderWriterFilter@22c8ee48, org.springframework.web.filter.CorsFilter@763b0996, org.springframework.security.web.authentication.logout.LogoutFilter@64f3ca6, com.sylleryum.sylleryum.config.security.JwtUsernameAndPasswordAuthenticationFilter@386e9fd8, com.sylleryum.sylleryum.config.security.TokenFilter@618f627b, org.springframework.security.web.savedrequest.RequestCacheAwareFilter@49190ed6, org.springframework.security.web.servletapi.SecurityContextHolderAwareRequestFilter@3303e89e, org.springframework.security.web.authentication.AnonymousAuthenticationFilter@10745a02, org.springframework.security.web.session.SessionManagementFilter@2321e482, org.springframework.security.web.access.ExceptionTranslationFilter@15e08615, org.springframework.security.web.access.intercept.FilterSecurityInterceptor@12aa519b]
2021-03-18 16:55:24.525  INFO 10528 --- [main] DeferredRepositoryInitializationListener : Triggering deferred initialization of Spring Data repositories…
2021-03-18 16:55:24.691  INFO 10528 --- [main] DeferredRepositoryInitializationListener : Spring Data repositories initialized!
2021-03-18 16:55:24.707  INFO 10528 --- [main] c.s.sylleryum.SylleryumApplicationTests  : Started SylleryumApplicationTests in 7.038 seconds (JVM running for 8.619)
2021-03-18 16:55:35.015  INFO 10528 --- [SpringContextShutdownHook] j.LocalContainerEntityManagerFactoryBean : Closing JPA EntityManagerFactory for persistence unit 'default'
2021-03-18 16:55:35.017  INFO 10528 --- [SpringContextShutdownHook] o.s.s.concurrent.ThreadPoolTaskExecutor  : Shutting down ExecutorService 'applicationTaskExecutor'
2021-03-18 16:55:35.025  INFO 10528 --- [SpringContextShutdownHook] com.zaxxer.hikari.HikariDataSource       : HikariPool-1 - Shutdown initiated...
2021-03-18 16:55:35.046  INFO 10528 --- [SpringContextShutdownHook] com.zaxxer.hikari.HikariDataSource       : HikariPool-1 - Shutdown completed.
2021-03-18 17:19:30.832  INFO 7008 --- [main] c.s.sylleryum.SylleryumApplicationTests  : Starting SylleryumApplicationTests on DESKTOP-LIC1FJT with PID 7008 (started by computador in C:\Eclipse\All projects\BoostMyVocabulary)
2021-03-18 17:19:30.834 DEBUG 7008 --- [main] c.s.sylleryum.SylleryumApplicationTests  : Running with Spring Boot v2.3.3.RELEASE, Spring v5.2.8.RELEASE
2021-03-18 17:19:30.834  INFO 7008 --- [main] c.s.sylleryum.SylleryumApplicationTests  : The following profiles are active: dev
2021-03-18 17:19:31.802  INFO 7008 --- [main] .s.d.r.c.RepositoryConfigurationDelegate : Bootstrapping Spring Data JPA repositories in DEFERRED mode.
2021-03-18 17:19:31.896  INFO 7008 --- [main] .s.d.r.c.RepositoryConfigurationDelegate : Finished Spring Data repository scanning in 83ms. Found 3 JPA repository interfaces.
2021-03-18 17:19:32.637  INFO 7008 --- [main] o.s.s.concurrent.ThreadPoolTaskExecutor  : Initializing ExecutorService 'applicationTaskExecutor'
2021-03-18 17:19:32.898  WARN 7008 --- [main] JpaBaseConfiguration$JpaWebConfiguration : spring.jpa.open-in-view is enabled by default. Therefore, database queries may be performed during view rendering. Explicitly configure spring.jpa.open-in-view to disable this warning
2021-03-18 17:19:33.332  INFO 7008 --- [task-1] com.zaxxer.hikari.HikariDataSource       : HikariPool-1 - Starting...
2021-03-18 17:19:33.561  INFO 7008 --- [task-1] com.zaxxer.hikari.HikariDataSource       : HikariPool-1 - Start completed.
2021-03-18 17:19:35.344  INFO 7008 --- [task-1] j.LocalContainerEntityManagerFactoryBean : Initialized JPA EntityManagerFactory for persistence unit 'default'
2021-03-18 17:19:36.306  INFO 7008 --- [main] o.s.s.web.DefaultSecurityFilterChain     : Creating filter chain: any request, [org.springframework.security.web.context.request.async.WebAsyncManagerIntegrationFilter@3d798e76, org.springframework.security.web.context.SecurityContextPersistenceFilter@6e5f5478, org.springframework.security.web.header.HeaderWriterFilter@22c8ee48, org.springframework.web.filter.CorsFilter@763b0996, org.springframework.security.web.authentication.logout.LogoutFilter@64f3ca6, com.sylleryum.sylleryum.config.security.JwtUsernameAndPasswordAuthenticationFilter@386e9fd8, com.sylleryum.sylleryum.config.security.TokenFilter@618f627b, org.springframework.security.web.savedrequest.RequestCacheAwareFilter@49190ed6, org.springframework.security.web.servletapi.SecurityContextHolderAwareRequestFilter@3303e89e, org.springframework.security.web.authentication.AnonymousAuthenticationFilter@10745a02, org.springframework.security.web.session.SessionManagementFilter@2321e482, org.springframework.security.web.access.ExceptionTranslationFilter@15e08615, org.springframework.security.web.access.intercept.FilterSecurityInterceptor@12aa519b]
2021-03-18 17:19:36.847  INFO 7008 --- [main] DeferredRepositoryInitializationListener : Triggering deferred initialization of Spring Data repositories…
2021-03-18 17:19:36.979  INFO 7008 --- [main] DeferredRepositoryInitializationListener : Spring Data repositories initialized!
2021-03-18 17:19:36.987  INFO 7008 --- [main] c.s.sylleryum.SylleryumApplicationTests  : Started SylleryumApplicationTests in 6.511 seconds (JVM running for 7.866)
2021-03-18 17:20:44.213  WARN 7008 --- [HikariPool-1 housekeeper] com.zaxxer.hikari.pool.HikariPool        : HikariPool-1 - Thread starvation or clock leap detected (housekeeper delta=1m10s542ms841µs100ns).
2021-03-18 17:20:44.354  INFO 7008 --- [SpringContextShutdownHook] j.LocalContainerEntityManagerFactoryBean : Closing JPA EntityManagerFactory for persistence unit 'default'
2021-03-18 17:20:44.394  INFO 7008 --- [SpringContextShutdownHook] o.s.s.concurrent.ThreadPoolTaskExecutor  : Shutting down ExecutorService 'applicationTaskExecutor'
2021-03-18 17:20:44.427  INFO 7008 --- [SpringContextShutdownHook] com.zaxxer.hikari.HikariDataSource       : HikariPool-1 - Shutdown initiated...
2021-03-18 17:20:44.548  INFO 7008 --- [SpringContextShutdownHook] com.zaxxer.hikari.HikariDataSource       : HikariPool-1 - Shutdown completed.
2021-03-18 17:20:49.588  INFO 19184 --- [main] c.s.sylleryum.SylleryumApplicationTests  : Starting SylleryumApplicationTests on DESKTOP-LIC1FJT with PID 19184 (started by computador in C:\Eclipse\All projects\BoostMyVocabulary)
2021-03-18 17:20:49.591 DEBUG 19184 --- [main] c.s.sylleryum.SylleryumApplicationTests  : Running with Spring Boot v2.3.3.RELEASE, Spring v5.2.8.RELEASE
2021-03-18 17:20:49.591  INFO 19184 --- [main] c.s.sylleryum.SylleryumApplicationTests  : The following profiles are active: dev
2021-03-18 17:20:50.525  INFO 19184 --- [main] .s.d.r.c.RepositoryConfigurationDelegate : Bootstrapping Spring Data JPA repositories in DEFERRED mode.
2021-03-18 17:20:50.620  INFO 19184 --- [main] .s.d.r.c.RepositoryConfigurationDelegate : Finished Spring Data repository scanning in 85ms. Found 3 JPA repository interfaces.
2021-03-18 17:20:51.332  INFO 19184 --- [main] o.s.s.concurrent.ThreadPoolTaskExecutor  : Initializing ExecutorService 'applicationTaskExecutor'
2021-03-18 17:20:51.606  WARN 19184 --- [main] JpaBaseConfiguration$JpaWebConfiguration : spring.jpa.open-in-view is enabled by default. Therefore, database queries may be performed during view rendering. Explicitly configure spring.jpa.open-in-view to disable this warning
2021-03-18 17:20:52.019  INFO 19184 --- [task-1] com.zaxxer.hikari.HikariDataSource       : HikariPool-1 - Starting...
2021-03-18 17:20:52.232  INFO 19184 --- [task-1] com.zaxxer.hikari.HikariDataSource       : HikariPool-1 - Start completed.
2021-03-18 17:20:53.917  INFO 19184 --- [task-1] j.LocalContainerEntityManagerFactoryBean : Initialized JPA EntityManagerFactory for persistence unit 'default'
2021-03-18 17:20:54.878  INFO 19184 --- [main] o.s.s.web.DefaultSecurityFilterChain     : Creating filter chain: any request, [org.springframework.security.web.context.request.async.WebAsyncManagerIntegrationFilter@763b0996, org.springframework.security.web.context.SecurityContextPersistenceFilter@6e5f5478, org.springframework.security.web.header.HeaderWriterFilter@22c8ee48, org.springframework.web.filter.CorsFilter@386e9fd8, org.springframework.security.web.authentication.logout.LogoutFilter@64f3ca6, com.sylleryum.sylleryum.config.security.JwtUsernameAndPasswordAuthenticationFilter@618f627b, com.sylleryum.sylleryum.config.security.TokenFilter@10745a02, org.springframework.security.web.savedrequest.RequestCacheAwareFilter@49190ed6, org.springframework.security.web.servletapi.SecurityContextHolderAwareRequestFilter@3303e89e, org.springframework.security.web.authentication.AnonymousAuthenticationFilter@3e2d8623, org.springframework.security.web.session.SessionManagementFilter@2321e482, org.springframework.security.web.access.ExceptionTranslationFilter@15e08615, org.springframework.security.web.access.intercept.FilterSecurityInterceptor@7c5c20ed]
2021-03-18 17:20:55.426  INFO 19184 --- [main] DeferredRepositoryInitializationListener : Triggering deferred initialization of Spring Data repositories…
2021-03-18 17:20:55.573  INFO 19184 --- [main] DeferredRepositoryInitializationListener : Spring Data repositories initialized!
2021-03-18 17:20:55.581  INFO 19184 --- [main] c.s.sylleryum.SylleryumApplicationTests  : Started SylleryumApplicationTests in 6.366 seconds (JVM running for 7.699)
2021-03-18 17:21:26.976  INFO 19184 --- [SpringContextShutdownHook] j.LocalContainerEntityManagerFactoryBean : Closing JPA EntityManagerFactory for persistence unit 'default'
2021-03-18 17:21:27.012  INFO 19184 --- [SpringContextShutdownHook] o.s.s.concurrent.ThreadPoolTaskExecutor  : Shutting down ExecutorService 'applicationTaskExecutor'
2021-03-18 17:21:27.053  INFO 19184 --- [SpringContextShutdownHook] com.zaxxer.hikari.HikariDataSource       : HikariPool-1 - Shutdown initiated...
2021-03-18 17:21:27.130  INFO 19184 --- [SpringContextShutdownHook] com.zaxxer.hikari.HikariDataSource       : HikariPool-1 - Shutdown completed.
2021-03-18 17:21:31.774  INFO 9220 --- [main] c.s.sylleryum.SylleryumApplicationTests  : Starting SylleryumApplicationTests on DESKTOP-LIC1FJT with PID 9220 (started by computador in C:\Eclipse\All projects\BoostMyVocabulary)
2021-03-18 17:21:31.776 DEBUG 9220 --- [main] c.s.sylleryum.SylleryumApplicationTests  : Running with Spring Boot v2.3.3.RELEASE, Spring v5.2.8.RELEASE
2021-03-18 17:21:31.776  INFO 9220 --- [main] c.s.sylleryum.SylleryumApplicationTests  : The following profiles are active: dev
2021-03-18 17:21:32.699  INFO 9220 --- [main] .s.d.r.c.RepositoryConfigurationDelegate : Bootstrapping Spring Data JPA repositories in DEFERRED mode.
2021-03-18 17:21:32.817  INFO 9220 --- [main] .s.d.r.c.RepositoryConfigurationDelegate : Finished Spring Data repository scanning in 105ms. Found 3 JPA repository interfaces.
2021-03-18 17:21:33.498  INFO 9220 --- [main] o.s.s.concurrent.ThreadPoolTaskExecutor  : Initializing ExecutorService 'applicationTaskExecutor'
2021-03-18 17:21:33.745  WARN 9220 --- [main] JpaBaseConfiguration$JpaWebConfiguration : spring.jpa.open-in-view is enabled by default. Therefore, database queries may be performed during view rendering. Explicitly configure spring.jpa.open-in-view to disable this warning
2021-03-18 17:21:34.179  INFO 9220 --- [task-1] com.zaxxer.hikari.HikariDataSource       : HikariPool-1 - Starting...
2021-03-18 17:21:34.395  INFO 9220 --- [task-1] com.zaxxer.hikari.HikariDataSource       : HikariPool-1 - Start completed.
2021-03-18 17:21:36.113  INFO 9220 --- [task-1] j.LocalContainerEntityManagerFactoryBean : Initialized JPA EntityManagerFactory for persistence unit 'default'
2021-03-18 17:21:36.997  INFO 9220 --- [main] o.s.s.web.DefaultSecurityFilterChain     : Creating filter chain: any request, [org.springframework.security.web.context.request.async.WebAsyncManagerIntegrationFilter@347123dc, org.springframework.security.web.context.SecurityContextPersistenceFilter@51f01535, org.springframework.security.web.header.HeaderWriterFilter@456aa471, org.springframework.web.filter.CorsFilter@52433946, org.springframework.security.web.authentication.logout.LogoutFilter@5c33008f, com.sylleryum.sylleryum.config.security.JwtUsernameAndPasswordAuthenticationFilter@5403431a, com.sylleryum.sylleryum.config.security.TokenFilter@ab327c, org.springframework.security.web.savedrequest.RequestCacheAwareFilter@13fe5bb7, org.springframework.security.web.servletapi.SecurityContextHolderAwareRequestFilter@2a19a0fe, org.springframework.security.web.authentication.AnonymousAuthenticationFilter@3d798e76, org.springframework.security.web.session.SessionManagementFilter@4cfcac13, org.springframework.security.web.access.ExceptionTranslationFilter@56835f2f, org.springframework.security.web.access.intercept.FilterSecurityInterceptor@16cf7fd0]
2021-03-18 17:21:37.536  INFO 9220 --- [main] DeferredRepositoryInitializationListener : Triggering deferred initialization of Spring Data repositories…
2021-03-18 17:21:37.672  INFO 9220 --- [main] DeferredRepositoryInitializationListener : Spring Data repositories initialized!
2021-03-18 17:21:37.680  INFO 9220 --- [main] c.s.sylleryum.SylleryumApplicationTests  : Started SylleryumApplicationTests in 6.266 seconds (JVM running for 7.721)
2021-03-18 17:34:49.352  WARN 9220 --- [HikariPool-1 housekeeper] com.zaxxer.hikari.pool.HikariPool        : HikariPool-1 - Thread starvation or clock leap detected (housekeeper delta=13m14s851ms69µs500ns).
2021-03-18 17:34:49.397  INFO 9220 --- [SpringContextShutdownHook] j.LocalContainerEntityManagerFactoryBean : Closing JPA EntityManagerFactory for persistence unit 'default'
2021-03-18 17:34:49.400  INFO 9220 --- [SpringContextShutdownHook] o.s.s.concurrent.ThreadPoolTaskExecutor  : Shutting down ExecutorService 'applicationTaskExecutor'
2021-03-18 17:34:49.401  INFO 9220 --- [SpringContextShutdownHook] com.zaxxer.hikari.HikariDataSource       : HikariPool-1 - Shutdown initiated...
2021-03-18 17:34:49.424  INFO 9220 --- [SpringContextShutdownHook] com.zaxxer.hikari.HikariDataSource       : HikariPool-1 - Shutdown completed.
2021-03-18 17:35:02.365  INFO 7444 --- [main] c.s.sylleryum.SylleryumApplicationTests  : Starting SylleryumApplicationTests on DESKTOP-LIC1FJT with PID 7444 (started by computador in C:\Eclipse\All projects\BoostMyVocabulary)
2021-03-18 17:35:02.371 DEBUG 7444 --- [main] c.s.sylleryum.SylleryumApplicationTests  : Running with Spring Boot v2.3.3.RELEASE, Spring v5.2.8.RELEASE
2021-03-18 17:35:02.371  INFO 7444 --- [main] c.s.sylleryum.SylleryumApplicationTests  : The following profiles are active: dev
2021-03-18 17:35:03.496  INFO 7444 --- [main] .s.d.r.c.RepositoryConfigurationDelegate : Bootstrapping Spring Data JPA repositories in DEFERRED mode.
2021-03-18 17:35:03.605  INFO 7444 --- [main] .s.d.r.c.RepositoryConfigurationDelegate : Finished Spring Data repository scanning in 94ms. Found 3 JPA repository interfaces.
2021-03-18 17:35:04.631  INFO 7444 --- [main] o.s.s.concurrent.ThreadPoolTaskExecutor  : Initializing ExecutorService 'applicationTaskExecutor'
2021-03-18 17:35:05.193  WARN 7444 --- [main] JpaBaseConfiguration$JpaWebConfiguration : spring.jpa.open-in-view is enabled by default. Therefore, database queries may be performed during view rendering. Explicitly configure spring.jpa.open-in-view to disable this warning
2021-03-18 17:35:05.531  INFO 7444 --- [task-1] com.zaxxer.hikari.HikariDataSource       : HikariPool-1 - Starting...
2021-03-18 17:35:05.772  INFO 7444 --- [task-1] com.zaxxer.hikari.HikariDataSource       : HikariPool-1 - Start completed.
2021-03-18 17:35:08.315  INFO 7444 --- [task-1] j.LocalContainerEntityManagerFactoryBean : Initialized JPA EntityManagerFactory for persistence unit 'default'
2021-03-18 17:35:09.411  INFO 7444 --- [main] o.s.s.web.DefaultSecurityFilterChain     : Creating filter chain: any request, [org.springframework.security.web.context.request.async.WebAsyncManagerIntegrationFilter@1f7336b2, org.springframework.security.web.context.SecurityContextPersistenceFilter@22c8ee48, org.springframework.security.web.header.HeaderWriterFilter@7f93f4c, org.springframework.web.filter.CorsFilter@4c030fe1, org.springframework.security.web.authentication.logout.LogoutFilter@71f0806b, com.sylleryum.sylleryum.config.security.JwtUsernameAndPasswordAuthenticationFilter@347123dc, com.sylleryum.sylleryum.config.security.TokenFilter@52433946, org.springframework.security.web.savedrequest.RequestCacheAwareFilter@2321e482, org.springframework.security.web.servletapi.SecurityContextHolderAwareRequestFilter@5d717f19, org.springframework.security.web.authentication.AnonymousAuthenticationFilter@5403431a, org.springframework.security.web.session.SessionManagementFilter@69e2fe3b, org.springframework.security.web.access.ExceptionTranslationFilter@7bb4ed71, org.springframework.security.web.access.intercept.FilterSecurityInterceptor@4de91056]
2021-03-18 17:35:10.077  INFO 7444 --- [main] DeferredRepositoryInitializationListener : Triggering deferred initialization of Spring Data repositories…
2021-03-18 17:35:10.239  INFO 7444 --- [main] DeferredRepositoryInitializationListener : Spring Data repositories initialized!
2021-03-18 17:35:10.249  INFO 7444 --- [main] c.s.sylleryum.SylleryumApplicationTests  : Started SylleryumApplicationTests in 8.425 seconds (JVM running for 10.101)
2021-03-18 17:35:18.021  INFO 7444 --- [SpringContextShutdownHook] j.LocalContainerEntityManagerFactoryBean : Closing JPA EntityManagerFactory for persistence unit 'default'
2021-03-18 17:35:18.032  INFO 7444 --- [SpringContextShutdownHook] o.s.s.concurrent.ThreadPoolTaskExecutor  : Shutting down ExecutorService 'applicationTaskExecutor'
2021-03-18 17:35:18.033  INFO 7444 --- [SpringContextShutdownHook] com.zaxxer.hikari.HikariDataSource       : HikariPool-1 - Shutdown initiated...
2021-03-18 17:35:18.067  INFO 7444 --- [SpringContextShutdownHook] com.zaxxer.hikari.HikariDataSource       : HikariPool-1 - Shutdown completed.
2021-03-18 17:58:08.650  INFO 19096 --- [main] c.s.sylleryum.SylleryumApplicationTests  : Starting SylleryumApplicationTests on DESKTOP-LIC1FJT with PID 19096 (started by computador in C:\Eclipse\All projects\BoostMyVocabulary)
2021-03-18 17:58:08.652 DEBUG 19096 --- [main] c.s.sylleryum.SylleryumApplicationTests  : Running with Spring Boot v2.3.3.RELEASE, Spring v5.2.8.RELEASE
2021-03-18 17:58:08.652  INFO 19096 --- [main] c.s.sylleryum.SylleryumApplicationTests  : The following profiles are active: dev
2021-03-18 17:58:09.681  INFO 19096 --- [main] .s.d.r.c.RepositoryConfigurationDelegate : Bootstrapping Spring Data JPA repositories in DEFERRED mode.
2021-03-18 17:58:09.792  INFO 19096 --- [main] .s.d.r.c.RepositoryConfigurationDelegate : Finished Spring Data repository scanning in 96ms. Found 3 JPA repository interfaces.
2021-03-18 17:58:10.546  INFO 19096 --- [main] o.s.s.concurrent.ThreadPoolTaskExecutor  : Initializing ExecutorService 'applicationTaskExecutor'
2021-03-18 17:58:10.841  WARN 19096 --- [main] JpaBaseConfiguration$JpaWebConfiguration : spring.jpa.open-in-view is enabled by default. Therefore, database queries may be performed during view rendering. Explicitly configure spring.jpa.open-in-view to disable this warning
2021-03-18 17:58:11.231  INFO 19096 --- [task-1] com.zaxxer.hikari.HikariDataSource       : HikariPool-1 - Starting...
2021-03-18 17:58:11.450  INFO 19096 --- [task-1] com.zaxxer.hikari.HikariDataSource       : HikariPool-1 - Start completed.
2021-03-18 17:58:13.298  INFO 19096 --- [task-1] j.LocalContainerEntityManagerFactoryBean : Initialized JPA EntityManagerFactory for persistence unit 'default'
2021-03-18 17:58:14.291  INFO 19096 --- [main] o.s.s.web.DefaultSecurityFilterChain     : Creating filter chain: any request, [org.springframework.security.web.context.request.async.WebAsyncManagerIntegrationFilter@347123dc, org.springframework.security.web.context.SecurityContextPersistenceFilter@51f01535, org.springframework.security.web.header.HeaderWriterFilter@456aa471, org.springframework.web.filter.CorsFilter@52433946, org.springframework.security.web.authentication.logout.LogoutFilter@5c33008f, com.sylleryum.sylleryum.config.security.JwtUsernameAndPasswordAuthenticationFilter@5403431a, com.sylleryum.sylleryum.config.security.TokenFilter@ab327c, org.springframework.security.web.savedrequest.RequestCacheAwareFilter@13fe5bb7, org.springframework.security.web.servletapi.SecurityContextHolderAwareRequestFilter@2a19a0fe, org.springframework.security.web.authentication.AnonymousAuthenticationFilter@3d798e76, org.springframework.security.web.session.SessionManagementFilter@4cfcac13, org.springframework.security.web.access.ExceptionTranslationFilter@56835f2f, org.springframework.security.web.access.intercept.FilterSecurityInterceptor@16cf7fd0]
2021-03-18 17:58:14.867  INFO 19096 --- [main] DeferredRepositoryInitializationListener : Triggering deferred initialization of Spring Data repositories…
2021-03-18 17:58:15.025  INFO 19096 --- [main] DeferredRepositoryInitializationListener : Spring Data repositories initialized!
2021-03-18 17:58:15.033  INFO 19096 --- [main] c.s.sylleryum.SylleryumApplicationTests  : Started SylleryumApplicationTests in 6.764 seconds (JVM running for 8.233)
2021-03-18 17:58:15.243  INFO 19096 --- [SpringContextShutdownHook] j.LocalContainerEntityManagerFactoryBean : Closing JPA EntityManagerFactory for persistence unit 'default'
2021-03-18 17:58:15.245  INFO 19096 --- [SpringContextShutdownHook] o.s.s.concurrent.ThreadPoolTaskExecutor  : Shutting down ExecutorService 'applicationTaskExecutor'
2021-03-18 17:58:15.246  INFO 19096 --- [SpringContextShutdownHook] com.zaxxer.hikari.HikariDataSource       : HikariPool-1 - Shutdown initiated...
2021-03-18 17:58:15.254  INFO 19096 --- [SpringContextShutdownHook] com.zaxxer.hikari.HikariDataSource       : HikariPool-1 - Shutdown completed.
2021-03-18 17:58:46.395  INFO 16536 --- [main] c.s.sylleryum.SylleryumApplicationTests  : Starting SylleryumApplicationTests on DESKTOP-LIC1FJT with PID 16536 (started by computador in C:\Eclipse\All projects\BoostMyVocabulary)
2021-03-18 17:58:46.396 DEBUG 16536 --- [main] c.s.sylleryum.SylleryumApplicationTests  : Running with Spring Boot v2.3.3.RELEASE, Spring v5.2.8.RELEASE
2021-03-18 17:58:46.397  INFO 16536 --- [main] c.s.sylleryum.SylleryumApplicationTests  : The following profiles are active: dev
2021-03-18 17:58:47.493  INFO 16536 --- [main] .s.d.r.c.RepositoryConfigurationDelegate : Bootstrapping Spring Data JPA repositories in DEFERRED mode.
2021-03-18 17:58:47.585  INFO 16536 --- [main] .s.d.r.c.RepositoryConfigurationDelegate : Finished Spring Data repository scanning in 82ms. Found 3 JPA repository interfaces.
2021-03-18 17:58:48.503  INFO 16536 --- [main] o.s.s.concurrent.ThreadPoolTaskExecutor  : Initializing ExecutorService 'applicationTaskExecutor'
2021-03-18 17:58:48.866  WARN 16536 --- [main] JpaBaseConfiguration$JpaWebConfiguration : spring.jpa.open-in-view is enabled by default. Therefore, database queries may be performed during view rendering. Explicitly configure spring.jpa.open-in-view to disable this warning
2021-03-18 17:58:49.314  INFO 16536 --- [task-1] com.zaxxer.hikari.HikariDataSource       : HikariPool-1 - Starting...
2021-03-18 17:58:49.551  INFO 16536 --- [task-1] com.zaxxer.hikari.HikariDataSource       : HikariPool-1 - Start completed.
2021-03-18 17:58:51.371  INFO 16536 --- [task-1] j.LocalContainerEntityManagerFactoryBean : Initialized JPA EntityManagerFactory for persistence unit 'default'
2021-03-18 17:58:52.349  INFO 16536 --- [main] o.s.s.web.DefaultSecurityFilterChain     : Creating filter chain: any request, [org.springframework.security.web.context.request.async.WebAsyncManagerIntegrationFilter@1f7336b2, org.springframework.security.web.context.SecurityContextPersistenceFilter@22c8ee48, org.springframework.security.web.header.HeaderWriterFilter@7f93f4c, org.springframework.web.filter.CorsFilter@4c030fe1, org.springframework.security.web.authentication.logout.LogoutFilter@71f0806b, com.sylleryum.sylleryum.config.security.JwtUsernameAndPasswordAuthenticationFilter@347123dc, com.sylleryum.sylleryum.config.security.TokenFilter@52433946, org.springframework.security.web.savedrequest.RequestCacheAwareFilter@2321e482, org.springframework.security.web.servletapi.SecurityContextHolderAwareRequestFilter@5d717f19, org.springframework.security.web.authentication.AnonymousAuthenticationFilter@5403431a, org.springframework.security.web.session.SessionManagementFilter@69e2fe3b, org.springframework.security.web.access.ExceptionTranslationFilter@7bb4ed71, org.springframework.security.web.access.intercept.FilterSecurityInterceptor@4de91056]
2021-03-18 17:58:52.922  INFO 16536 --- [main] DeferredRepositoryInitializationListener : Triggering deferred initialization of Spring Data repositories…
2021-03-18 17:58:53.070  INFO 16536 --- [main] DeferredRepositoryInitializationListener : Spring Data repositories initialized!
2021-03-18 17:58:53.079  INFO 16536 --- [main] c.s.sylleryum.SylleryumApplicationTests  : Started SylleryumApplicationTests in 7.074 seconds (JVM running for 8.649)
2021-03-18 17:58:53.276  INFO 16536 --- [SpringContextShutdownHook] j.LocalContainerEntityManagerFactoryBean : Closing JPA EntityManagerFactory for persistence unit 'default'
2021-03-18 17:58:53.279  INFO 16536 --- [SpringContextShutdownHook] o.s.s.concurrent.ThreadPoolTaskExecutor  : Shutting down ExecutorService 'applicationTaskExecutor'
2021-03-18 17:58:53.280  INFO 16536 --- [SpringContextShutdownHook] com.zaxxer.hikari.HikariDataSource       : HikariPool-1 - Shutdown initiated...
2021-03-18 17:58:53.289  INFO 16536 --- [SpringContextShutdownHook] com.zaxxer.hikari.HikariDataSource       : HikariPool-1 - Shutdown completed.
2021-03-18 18:00:54.084  INFO 18288 --- [main] c.s.sylleryum.SylleryumApplicationTests  : Starting SylleryumApplicationTests on DESKTOP-LIC1FJT with PID 18288 (started by computador in C:\Eclipse\All projects\BoostMyVocabulary)
2021-03-18 18:00:54.088 DEBUG 18288 --- [main] c.s.sylleryum.SylleryumApplicationTests  : Running with Spring Boot v2.3.3.RELEASE, Spring v5.2.8.RELEASE
2021-03-18 18:00:54.088  INFO 18288 --- [main] c.s.sylleryum.SylleryumApplicationTests  : The following profiles are active: dev
2021-03-18 18:00:55.112  INFO 18288 --- [main] .s.d.r.c.RepositoryConfigurationDelegate : Bootstrapping Spring Data JPA repositories in DEFERRED mode.
2021-03-18 18:00:55.216  INFO 18288 --- [main] .s.d.r.c.RepositoryConfigurationDelegate : Finished Spring Data repository scanning in 91ms. Found 3 JPA repository interfaces.
2021-03-18 18:00:55.958  INFO 18288 --- [main] o.s.s.concurrent.ThreadPoolTaskExecutor  : Initializing ExecutorService 'applicationTaskExecutor'
2021-03-18 18:00:56.280  WARN 18288 --- [main] JpaBaseConfiguration$JpaWebConfiguration : spring.jpa.open-in-view is enabled by default. Therefore, database queries may be performed during view rendering. Explicitly configure spring.jpa.open-in-view to disable this warning
2021-03-18 18:00:56.659  INFO 18288 --- [task-1] com.zaxxer.hikari.HikariDataSource       : HikariPool-1 - Starting...
2021-03-18 18:00:56.894  INFO 18288 --- [task-1] com.zaxxer.hikari.HikariDataSource       : HikariPool-1 - Start completed.
2021-03-18 18:00:58.667  INFO 18288 --- [task-1] j.LocalContainerEntityManagerFactoryBean : Initialized JPA EntityManagerFactory for persistence unit 'default'
2021-03-18 18:00:59.815  INFO 18288 --- [main] o.s.s.web.DefaultSecurityFilterChain     : Creating filter chain: any request, [org.springframework.security.web.context.request.async.WebAsyncManagerIntegrationFilter@347123dc, org.springframework.security.web.context.SecurityContextPersistenceFilter@51f01535, org.springframework.security.web.header.HeaderWriterFilter@456aa471, org.springframework.web.filter.CorsFilter@52433946, org.springframework.security.web.authentication.logout.LogoutFilter@5c33008f, com.sylleryum.sylleryum.config.security.JwtUsernameAndPasswordAuthenticationFilter@5403431a, com.sylleryum.sylleryum.config.security.TokenFilter@ab327c, org.springframework.security.web.savedrequest.RequestCacheAwareFilter@13fe5bb7, org.springframework.security.web.servletapi.SecurityContextHolderAwareRequestFilter@2a19a0fe, org.springframework.security.web.authentication.AnonymousAuthenticationFilter@3d798e76, org.springframework.security.web.session.SessionManagementFilter@4cfcac13, org.springframework.security.web.access.ExceptionTranslationFilter@56835f2f, org.springframework.security.web.access.intercept.FilterSecurityInterceptor@16cf7fd0]
2021-03-18 18:01:00.536  INFO 18288 --- [main] DeferredRepositoryInitializationListener : Triggering deferred initialization of Spring Data repositories…
2021-03-18 18:01:00.690  INFO 18288 --- [main] DeferredRepositoryInitializationListener : Spring Data repositories initialized!
2021-03-18 18:01:00.702  INFO 18288 --- [main] c.s.sylleryum.SylleryumApplicationTests  : Started SylleryumApplicationTests in 6.982 seconds (JVM running for 8.527)
2021-03-18 18:01:00.954  INFO 18288 --- [SpringContextShutdownHook] j.LocalContainerEntityManagerFactoryBean : Closing JPA EntityManagerFactory for persistence unit 'default'
2021-03-18 18:01:00.956  INFO 18288 --- [SpringContextShutdownHook] o.s.s.concurrent.ThreadPoolTaskExecutor  : Shutting down ExecutorService 'applicationTaskExecutor'
2021-03-18 18:01:00.957  INFO 18288 --- [SpringContextShutdownHook] com.zaxxer.hikari.HikariDataSource       : HikariPool-1 - Shutdown initiated...
2021-03-18 18:01:00.972  INFO 18288 --- [SpringContextShutdownHook] com.zaxxer.hikari.HikariDataSource       : HikariPool-1 - Shutdown completed.
2021-03-18 18:02:27.183  INFO 16712 --- [main] c.s.sylleryum.SylleryumApplicationTests  : Starting SylleryumApplicationTests on DESKTOP-LIC1FJT with PID 16712 (started by computador in C:\Eclipse\All projects\BoostMyVocabulary)
2021-03-18 18:02:27.187 DEBUG 16712 --- [main] c.s.sylleryum.SylleryumApplicationTests  : Running with Spring Boot v2.3.3.RELEASE, Spring v5.2.8.RELEASE
2021-03-18 18:02:27.187  INFO 16712 --- [main] c.s.sylleryum.SylleryumApplicationTests  : The following profiles are active: dev
2021-03-18 18:02:28.234  INFO 16712 --- [main] .s.d.r.c.RepositoryConfigurationDelegate : Bootstrapping Spring Data JPA repositories in DEFERRED mode.
2021-03-18 18:02:28.346  INFO 16712 --- [main] .s.d.r.c.RepositoryConfigurationDelegate : Finished Spring Data repository scanning in 98ms. Found 3 JPA repository interfaces.
2021-03-18 18:02:29.125  INFO 16712 --- [main] o.s.s.concurrent.ThreadPoolTaskExecutor  : Initializing ExecutorService 'applicationTaskExecutor'
2021-03-18 18:02:29.412  WARN 16712 --- [main] JpaBaseConfiguration$JpaWebConfiguration : spring.jpa.open-in-view is enabled by default. Therefore, database queries may be performed during view rendering. Explicitly configure spring.jpa.open-in-view to disable this warning
2021-03-18 18:02:29.892  INFO 16712 --- [task-1] com.zaxxer.hikari.HikariDataSource       : HikariPool-1 - Starting...
2021-03-18 18:02:30.113  INFO 16712 --- [task-1] com.zaxxer.hikari.HikariDataSource       : HikariPool-1 - Start completed.
2021-03-18 18:02:31.971  INFO 16712 --- [task-1] j.LocalContainerEntityManagerFactoryBean : Initialized JPA EntityManagerFactory for persistence unit 'default'
2021-03-18 18:02:33.057  INFO 16712 --- [main] o.s.s.web.DefaultSecurityFilterChain     : Creating filter chain: any request, [org.springframework.security.web.context.request.async.WebAsyncManagerIntegrationFilter@3d798e76, org.springframework.security.web.context.SecurityContextPersistenceFilter@6e5f5478, org.springframework.security.web.header.HeaderWriterFilter@22c8ee48, org.springframework.web.filter.CorsFilter@763b0996, org.springframework.security.web.authentication.logout.LogoutFilter@64f3ca6, com.sylleryum.sylleryum.config.security.JwtUsernameAndPasswordAuthenticationFilter@386e9fd8, com.sylleryum.sylleryum.config.security.TokenFilter@618f627b, org.springframework.security.web.savedrequest.RequestCacheAwareFilter@49190ed6, org.springframework.security.web.servletapi.SecurityContextHolderAwareRequestFilter@3303e89e, org.springframework.security.web.authentication.AnonymousAuthenticationFilter@10745a02, org.springframework.security.web.session.SessionManagementFilter@2321e482, org.springframework.security.web.access.ExceptionTranslationFilter@15e08615, org.springframework.security.web.access.intercept.FilterSecurityInterceptor@12aa519b]
2021-03-18 18:02:33.685  INFO 16712 --- [main] DeferredRepositoryInitializationListener : Triggering deferred initialization of Spring Data repositories…
2021-03-18 18:02:33.849  INFO 16712 --- [main] DeferredRepositoryInitializationListener : Spring Data repositories initialized!
2021-03-18 18:02:33.859  INFO 16712 --- [main] c.s.sylleryum.SylleryumApplicationTests  : Started SylleryumApplicationTests in 7.003 seconds (JVM running for 8.653)
2021-03-18 18:02:34.127  INFO 16712 --- [SpringContextShutdownHook] j.LocalContainerEntityManagerFactoryBean : Closing JPA EntityManagerFactory for persistence unit 'default'
2021-03-18 18:02:34.129  INFO 16712 --- [SpringContextShutdownHook] o.s.s.concurrent.ThreadPoolTaskExecutor  : Shutting down ExecutorService 'applicationTaskExecutor'
2021-03-18 18:02:34.130  INFO 16712 --- [SpringContextShutdownHook] com.zaxxer.hikari.HikariDataSource       : HikariPool-1 - Shutdown initiated...
2021-03-18 18:02:34.137  INFO 16712 --- [SpringContextShutdownHook] com.zaxxer.hikari.HikariDataSource       : HikariPool-1 - Shutdown completed.
2021-03-18 18:05:07.418  INFO 8816 --- [main] c.s.sylleryum.SylleryumApplicationTests  : Starting SylleryumApplicationTests on DESKTOP-LIC1FJT with PID 8816 (started by computador in C:\Eclipse\All projects\BoostMyVocabulary)
2021-03-18 18:05:07.422 DEBUG 8816 --- [main] c.s.sylleryum.SylleryumApplicationTests  : Running with Spring Boot v2.3.3.RELEASE, Spring v5.2.8.RELEASE
2021-03-18 18:05:07.423  INFO 8816 --- [main] c.s.sylleryum.SylleryumApplicationTests  : The following profiles are active: dev
2021-03-18 18:05:08.349  INFO 8816 --- [main] .s.d.r.c.RepositoryConfigurationDelegate : Bootstrapping Spring Data JPA repositories in DEFERRED mode.
2021-03-18 18:05:08.450  INFO 8816 --- [main] .s.d.r.c.RepositoryConfigurationDelegate : Finished Spring Data repository scanning in 89ms. Found 3 JPA repository interfaces.
2021-03-18 18:05:09.213  INFO 8816 --- [main] o.s.s.concurrent.ThreadPoolTaskExecutor  : Initializing ExecutorService 'applicationTaskExecutor'
2021-03-18 18:05:09.511  WARN 8816 --- [main] JpaBaseConfiguration$JpaWebConfiguration : spring.jpa.open-in-view is enabled by default. Therefore, database queries may be performed during view rendering. Explicitly configure spring.jpa.open-in-view to disable this warning
2021-03-18 18:05:09.890  INFO 8816 --- [task-1] com.zaxxer.hikari.HikariDataSource       : HikariPool-1 - Starting...
2021-03-18 18:05:10.110  INFO 8816 --- [task-1] com.zaxxer.hikari.HikariDataSource       : HikariPool-1 - Start completed.
2021-03-18 18:05:11.914  INFO 8816 --- [task-1] j.LocalContainerEntityManagerFactoryBean : Initialized JPA EntityManagerFactory for persistence unit 'default'
2021-03-18 18:05:12.866  INFO 8816 --- [main] o.s.s.web.DefaultSecurityFilterChain     : Creating filter chain: any request, [org.springframework.security.web.context.request.async.WebAsyncManagerIntegrationFilter@347123dc, org.springframework.security.web.context.SecurityContextPersistenceFilter@51f01535, org.springframework.security.web.header.HeaderWriterFilter@456aa471, org.springframework.web.filter.CorsFilter@52433946, org.springframework.security.web.authentication.logout.LogoutFilter@5c33008f, com.sylleryum.sylleryum.config.security.JwtUsernameAndPasswordAuthenticationFilter@5403431a, com.sylleryum.sylleryum.config.security.TokenFilter@ab327c, org.springframework.security.web.savedrequest.RequestCacheAwareFilter@13fe5bb7, org.springframework.security.web.servletapi.SecurityContextHolderAwareRequestFilter@2a19a0fe, org.springframework.security.web.authentication.AnonymousAuthenticationFilter@3d798e76, org.springframework.security.web.session.SessionManagementFilter@4cfcac13, org.springframework.security.web.access.ExceptionTranslationFilter@56835f2f, org.springframework.security.web.access.intercept.FilterSecurityInterceptor@16cf7fd0]
2021-03-18 18:05:13.507  INFO 8816 --- [main] DeferredRepositoryInitializationListener : Triggering deferred initialization of Spring Data repositories…
2021-03-18 18:05:13.678  INFO 8816 --- [main] DeferredRepositoryInitializationListener : Spring Data repositories initialized!
2021-03-18 18:05:13.693  INFO 8816 --- [main] c.s.sylleryum.SylleryumApplicationTests  : Started SylleryumApplicationTests in 6.617 seconds (JVM running for 8.093)
2021-03-18 18:05:51.759  INFO 8816 --- [SpringContextShutdownHook] j.LocalContainerEntityManagerFactoryBean : Closing JPA EntityManagerFactory for persistence unit 'default'
2021-03-18 18:05:51.761  INFO 8816 --- [SpringContextShutdownHook] o.s.s.concurrent.ThreadPoolTaskExecutor  : Shutting down ExecutorService 'applicationTaskExecutor'
2021-03-18 18:05:51.763  INFO 8816 --- [SpringContextShutdownHook] com.zaxxer.hikari.HikariDataSource       : HikariPool-1 - Shutdown initiated...
2021-03-18 18:05:51.772  INFO 8816 --- [SpringContextShutdownHook] com.zaxxer.hikari.HikariDataSource       : HikariPool-1 - Shutdown completed.
2021-03-18 18:06:02.398  INFO 9556 --- [main] c.s.sylleryum.SylleryumApplicationTests  : Starting SylleryumApplicationTests on DESKTOP-LIC1FJT with PID 9556 (started by computador in C:\Eclipse\All projects\BoostMyVocabulary)
2021-03-18 18:06:02.405 DEBUG 9556 --- [main] c.s.sylleryum.SylleryumApplicationTests  : Running with Spring Boot v2.3.3.RELEASE, Spring v5.2.8.RELEASE
2021-03-18 18:06:02.406  INFO 9556 --- [main] c.s.sylleryum.SylleryumApplicationTests  : The following profiles are active: dev
2021-03-18 18:06:03.742  INFO 9556 --- [main] .s.d.r.c.RepositoryConfigurationDelegate : Bootstrapping Spring Data JPA repositories in DEFERRED mode.
2021-03-18 18:06:03.840  INFO 9556 --- [main] .s.d.r.c.RepositoryConfigurationDelegate : Finished Spring Data repository scanning in 84ms. Found 3 JPA repository interfaces.
2021-03-18 18:06:04.513  INFO 9556 --- [main] o.s.s.concurrent.ThreadPoolTaskExecutor  : Initializing ExecutorService 'applicationTaskExecutor'
2021-03-18 18:06:04.870  WARN 9556 --- [main] JpaBaseConfiguration$JpaWebConfiguration : spring.jpa.open-in-view is enabled by default. Therefore, database queries may be performed during view rendering. Explicitly configure spring.jpa.open-in-view to disable this warning
2021-03-18 18:06:05.348  INFO 9556 --- [task-1] com.zaxxer.hikari.HikariDataSource       : HikariPool-1 - Starting...
2021-03-18 18:06:05.592  INFO 9556 --- [task-1] com.zaxxer.hikari.HikariDataSource       : HikariPool-1 - Start completed.
2021-03-18 18:06:07.337  INFO 9556 --- [task-1] j.LocalContainerEntityManagerFactoryBean : Initialized JPA EntityManagerFactory for persistence unit 'default'
2021-03-18 18:06:08.237  INFO 9556 --- [main] o.s.s.web.DefaultSecurityFilterChain     : Creating filter chain: any request, [org.springframework.security.web.context.request.async.WebAsyncManagerIntegrationFilter@763b0996, org.springframework.security.web.context.SecurityContextPersistenceFilter@5fb07347, org.springframework.security.web.header.HeaderWriterFilter@7845b21a, org.springframework.web.filter.CorsFilter@386e9fd8, org.springframework.security.web.authentication.logout.LogoutFilter@3df77dfa, com.sylleryum.sylleryum.config.security.JwtUsernameAndPasswordAuthenticationFilter@618f627b, com.sylleryum.sylleryum.config.security.TokenFilter@10745a02, org.springframework.security.web.savedrequest.RequestCacheAwareFilter@5d717f19, org.springframework.security.web.servletapi.SecurityContextHolderAwareRequestFilter@cec590c, org.springframework.security.web.authentication.AnonymousAuthenticationFilter@3e2d8623, org.springframework.security.web.session.SessionManagementFilter@467ef400, org.springframework.security.web.access.ExceptionTranslationFilter@19dac2d6, org.springframework.security.web.access.intercept.FilterSecurityInterceptor@7c5c20ed]
2021-03-18 18:06:08.779  INFO 9556 --- [main] DeferredRepositoryInitializationListener : Triggering deferred initialization of Spring Data repositories…
2021-03-18 18:06:08.910  INFO 9556 --- [main] DeferredRepositoryInitializationListener : Spring Data repositories initialized!
2021-03-18 18:06:08.919  INFO 9556 --- [main] c.s.sylleryum.SylleryumApplicationTests  : Started SylleryumApplicationTests in 7.118 seconds (JVM running for 8.801)
2021-03-18 18:06:31.883  INFO 9556 --- [SpringContextShutdownHook] j.LocalContainerEntityManagerFactoryBean : Closing JPA EntityManagerFactory for persistence unit 'default'
2021-03-18 18:06:31.885  INFO 9556 --- [SpringContextShutdownHook] o.s.s.concurrent.ThreadPoolTaskExecutor  : Shutting down ExecutorService 'applicationTaskExecutor'
2021-03-18 18:06:31.886  INFO 9556 --- [SpringContextShutdownHook] com.zaxxer.hikari.HikariDataSource       : HikariPool-1 - Shutdown initiated...
2021-03-18 18:06:31.894  INFO 9556 --- [SpringContextShutdownHook] com.zaxxer.hikari.HikariDataSource       : HikariPool-1 - Shutdown completed.
2021-03-18 18:12:32.801  INFO 12368 --- [main] c.s.sylleryum.SylleryumApplicationTests  : Starting SylleryumApplicationTests on DESKTOP-LIC1FJT with PID 12368 (started by computador in C:\Eclipse\All projects\BoostMyVocabulary)
2021-03-18 18:12:32.809 DEBUG 12368 --- [main] c.s.sylleryum.SylleryumApplicationTests  : Running with Spring Boot v2.3.3.RELEASE, Spring v5.2.8.RELEASE
2021-03-18 18:12:32.809  INFO 12368 --- [main] c.s.sylleryum.SylleryumApplicationTests  : The following profiles are active: dev
2021-03-18 18:12:33.805  INFO 12368 --- [main] .s.d.r.c.RepositoryConfigurationDelegate : Bootstrapping Spring Data JPA repositories in DEFERRED mode.
2021-03-18 18:12:33.908  INFO 12368 --- [main] .s.d.r.c.RepositoryConfigurationDelegate : Finished Spring Data repository scanning in 94ms. Found 3 JPA repository interfaces.
2021-03-18 18:12:34.725  INFO 12368 --- [main] o.s.s.concurrent.ThreadPoolTaskExecutor  : Initializing ExecutorService 'applicationTaskExecutor'
2021-03-18 18:12:35.022  WARN 12368 --- [main] JpaBaseConfiguration$JpaWebConfiguration : spring.jpa.open-in-view is enabled by default. Therefore, database queries may be performed during view rendering. Explicitly configure spring.jpa.open-in-view to disable this warning
2021-03-18 18:12:35.589  INFO 12368 --- [task-1] com.zaxxer.hikari.HikariDataSource       : HikariPool-1 - Starting...
2021-03-18 18:12:35.799  INFO 12368 --- [task-1] com.zaxxer.hikari.HikariDataSource       : HikariPool-1 - Start completed.
2021-03-18 18:12:37.740  INFO 12368 --- [task-1] j.LocalContainerEntityManagerFactoryBean : Initialized JPA EntityManagerFactory for persistence unit 'default'
2021-03-18 18:12:38.742  INFO 12368 --- [main] o.s.s.web.DefaultSecurityFilterChain     : Creating filter chain: any request, [org.springframework.security.web.context.request.async.WebAsyncManagerIntegrationFilter@5a6195b8, org.springframework.security.web.context.SecurityContextPersistenceFilter@7d284f15, org.springframework.security.web.header.HeaderWriterFilter@5fb07347, org.springframework.web.filter.CorsFilter@8af1c49, org.springframework.security.web.authentication.logout.LogoutFilter@44864536, com.sylleryum.sylleryum.config.security.JwtUsernameAndPasswordAuthenticationFilter@70d5d96b, com.sylleryum.sylleryum.config.security.TokenFilter@23469199, org.springframework.security.web.savedrequest.RequestCacheAwareFilter@3303e89e, org.springframework.security.web.servletapi.SecurityContextHolderAwareRequestFilter@65d73bd, org.springframework.security.web.authentication.AnonymousAuthenticationFilter@75dc1c1c, org.springframework.security.web.session.SessionManagementFilter@5d717f19, org.springframework.security.web.access.ExceptionTranslationFilter@7f93f4c, org.springframework.security.web.access.intercept.FilterSecurityInterceptor@7e31d53b]
2021-03-18 18:12:39.260  INFO 12368 --- [main] DeferredRepositoryInitializationListener : Triggering deferred initialization of Spring Data repositories…
2021-03-18 18:12:39.395  INFO 12368 --- [main] DeferredRepositoryInitializationListener : Spring Data repositories initialized!
2021-03-18 18:12:39.403  INFO 12368 --- [main] c.s.sylleryum.SylleryumApplicationTests  : Started SylleryumApplicationTests in 6.975 seconds (JVM running for 8.56)
2021-03-18 18:13:22.829  INFO 12368 --- [SpringContextShutdownHook] j.LocalContainerEntityManagerFactoryBean : Closing JPA EntityManagerFactory for persistence unit 'default'
2021-03-18 18:13:22.831  INFO 12368 --- [SpringContextShutdownHook] o.s.s.concurrent.ThreadPoolTaskExecutor  : Shutting down ExecutorService 'applicationTaskExecutor'
2021-03-18 18:13:22.832  INFO 12368 --- [SpringContextShutdownHook] com.zaxxer.hikari.HikariDataSource       : HikariPool-1 - Shutdown initiated...
2021-03-18 18:13:22.842  INFO 12368 --- [SpringContextShutdownHook] com.zaxxer.hikari.HikariDataSource       : HikariPool-1 - Shutdown completed.
2021-03-18 18:13:27.824  INFO 10372 --- [main] c.s.sylleryum.SylleryumApplicationTests  : Starting SylleryumApplicationTests on DESKTOP-LIC1FJT with PID 10372 (started by computador in C:\Eclipse\All projects\BoostMyVocabulary)
2021-03-18 18:13:27.826 DEBUG 10372 --- [main] c.s.sylleryum.SylleryumApplicationTests  : Running with Spring Boot v2.3.3.RELEASE, Spring v5.2.8.RELEASE
2021-03-18 18:13:27.826  INFO 10372 --- [main] c.s.sylleryum.SylleryumApplicationTests  : The following profiles are active: dev
2021-03-18 18:13:28.770  INFO 10372 --- [main] .s.d.r.c.RepositoryConfigurationDelegate : Bootstrapping Spring Data JPA repositories in DEFERRED mode.
2021-03-18 18:13:28.863  INFO 10372 --- [main] .s.d.r.c.RepositoryConfigurationDelegate : Finished Spring Data repository scanning in 82ms. Found 3 JPA repository interfaces.
2021-03-18 18:13:29.569  INFO 10372 --- [main] o.s.s.concurrent.ThreadPoolTaskExecutor  : Initializing ExecutorService 'applicationTaskExecutor'
2021-03-18 18:13:29.912  WARN 10372 --- [main] JpaBaseConfiguration$JpaWebConfiguration : spring.jpa.open-in-view is enabled by default. Therefore, database queries may be performed during view rendering. Explicitly configure spring.jpa.open-in-view to disable this warning
2021-03-18 18:13:30.343  INFO 10372 --- [task-1] com.zaxxer.hikari.HikariDataSource       : HikariPool-1 - Starting...
2021-03-18 18:13:31.305  INFO 10372 --- [task-1] com.zaxxer.hikari.HikariDataSource       : HikariPool-1 - Start completed.
2021-03-18 18:13:32.966  INFO 10372 --- [task-1] j.LocalContainerEntityManagerFactoryBean : Initialized JPA EntityManagerFactory for persistence unit 'default'
2021-03-18 18:13:33.887  INFO 10372 --- [main] o.s.s.web.DefaultSecurityFilterChain     : Creating filter chain: any request, [org.springframework.security.web.context.request.async.WebAsyncManagerIntegrationFilter@3d798e76, org.springframework.security.web.context.SecurityContextPersistenceFilter@6e5f5478, org.springframework.security.web.header.HeaderWriterFilter@22c8ee48, org.springframework.web.filter.CorsFilter@763b0996, org.springframework.security.web.authentication.logout.LogoutFilter@64f3ca6, com.sylleryum.sylleryum.config.security.JwtUsernameAndPasswordAuthenticationFilter@386e9fd8, com.sylleryum.sylleryum.config.security.TokenFilter@618f627b, org.springframework.security.web.savedrequest.RequestCacheAwareFilter@49190ed6, org.springframework.security.web.servletapi.SecurityContextHolderAwareRequestFilter@3303e89e, org.springframework.security.web.authentication.AnonymousAuthenticationFilter@10745a02, org.springframework.security.web.session.SessionManagementFilter@2321e482, org.springframework.security.web.access.ExceptionTranslationFilter@15e08615, org.springframework.security.web.access.intercept.FilterSecurityInterceptor@12aa519b]
2021-03-18 18:13:34.425  INFO 10372 --- [main] DeferredRepositoryInitializationListener : Triggering deferred initialization of Spring Data repositories…
2021-03-18 18:13:34.565  INFO 10372 --- [main] DeferredRepositoryInitializationListener : Spring Data repositories initialized!
2021-03-18 18:13:34.573  INFO 10372 --- [main] c.s.sylleryum.SylleryumApplicationTests  : Started SylleryumApplicationTests in 7.123 seconds (JVM running for 8.624)
2021-03-18 18:13:51.888  INFO 10372 --- [SpringContextShutdownHook] j.LocalContainerEntityManagerFactoryBean : Closing JPA EntityManagerFactory for persistence unit 'default'
2021-03-18 18:13:51.908  INFO 10372 --- [SpringContextShutdownHook] o.s.s.concurrent.ThreadPoolTaskExecutor  : Shutting down ExecutorService 'applicationTaskExecutor'
2021-03-18 18:13:51.910  INFO 10372 --- [SpringContextShutdownHook] com.zaxxer.hikari.HikariDataSource       : HikariPool-1 - Shutdown initiated...
2021-03-18 18:13:51.920  INFO 10372 --- [SpringContextShutdownHook] com.zaxxer.hikari.HikariDataSource       : HikariPool-1 - Shutdown completed.
2021-03-18 18:14:11.695  INFO 5988 --- [main] c.s.sylleryum.SylleryumApplicationTests  : Starting SylleryumApplicationTests on DESKTOP-LIC1FJT with PID 5988 (started by computador in C:\Eclipse\All projects\BoostMyVocabulary)
2021-03-18 18:14:11.696 DEBUG 5988 --- [main] c.s.sylleryum.SylleryumApplicationTests  : Running with Spring Boot v2.3.3.RELEASE, Spring v5.2.8.RELEASE
2021-03-18 18:14:11.697  INFO 5988 --- [main] c.s.sylleryum.SylleryumApplicationTests  : The following profiles are active: dev
2021-03-18 18:14:12.728  INFO 5988 --- [main] .s.d.r.c.RepositoryConfigurationDelegate : Bootstrapping Spring Data JPA repositories in DEFERRED mode.
2021-03-18 18:14:12.843  INFO 5988 --- [main] .s.d.r.c.RepositoryConfigurationDelegate : Finished Spring Data repository scanning in 103ms. Found 3 JPA repository interfaces.
2021-03-18 18:14:13.599  INFO 5988 --- [main] o.s.s.concurrent.ThreadPoolTaskExecutor  : Initializing ExecutorService 'applicationTaskExecutor'
2021-03-18 18:14:13.929  WARN 5988 --- [main] JpaBaseConfiguration$JpaWebConfiguration : spring.jpa.open-in-view is enabled by default. Therefore, database queries may be performed during view rendering. Explicitly configure spring.jpa.open-in-view to disable this warning
2021-03-18 18:14:14.378  INFO 5988 --- [task-1] com.zaxxer.hikari.HikariDataSource       : HikariPool-1 - Starting...
2021-03-18 18:14:14.607  INFO 5988 --- [task-1] com.zaxxer.hikari.HikariDataSource       : HikariPool-1 - Start completed.
2021-03-18 18:14:16.521  INFO 5988 --- [task-1] j.LocalContainerEntityManagerFactoryBean : Initialized JPA EntityManagerFactory for persistence unit 'default'
2021-03-18 18:14:17.536  INFO 5988 --- [main] o.s.s.web.DefaultSecurityFilterChain     : Creating filter chain: any request, [org.springframework.security.web.context.request.async.WebAsyncManagerIntegrationFilter@779228dc, org.springframework.security.web.context.SecurityContextPersistenceFilter@22c8ee48, org.springframework.security.web.header.HeaderWriterFilter@7f93f4c, org.springframework.web.filter.CorsFilter@1f7336b2, org.springframework.security.web.authentication.logout.LogoutFilter@71f0806b, com.sylleryum.sylleryum.config.security.JwtUsernameAndPasswordAuthenticationFilter@4c030fe1, com.sylleryum.sylleryum.config.security.TokenFilter@347123dc, org.springframework.security.web.savedrequest.RequestCacheAwareFilter@2321e482, org.springframework.security.web.servletapi.SecurityContextHolderAwareRequestFilter@5d717f19, org.springframework.security.web.authentication.AnonymousAuthenticationFilter@52433946, org.springframework.security.web.session.SessionManagementFilter@69e2fe3b, org.springframework.security.web.access.ExceptionTranslationFilter@7bb4ed71, org.springframework.security.web.access.intercept.FilterSecurityInterceptor@71139e77]
2021-03-18 18:14:18.153  INFO 5988 --- [main] DeferredRepositoryInitializationListener : Triggering deferred initialization of Spring Data repositories…
2021-03-18 18:14:18.306  INFO 5988 --- [main] DeferredRepositoryInitializationListener : Spring Data repositories initialized!
2021-03-18 18:14:18.318  INFO 5988 --- [main] c.s.sylleryum.SylleryumApplicationTests  : Started SylleryumApplicationTests in 6.997 seconds (JVM running for 8.556)
2021-03-18 18:14:18.595  INFO 5988 --- [SpringContextShutdownHook] j.LocalContainerEntityManagerFactoryBean : Closing JPA EntityManagerFactory for persistence unit 'default'
2021-03-18 18:14:18.597  INFO 5988 --- [SpringContextShutdownHook] o.s.s.concurrent.ThreadPoolTaskExecutor  : Shutting down ExecutorService 'applicationTaskExecutor'
2021-03-18 18:14:18.598  INFO 5988 --- [SpringContextShutdownHook] com.zaxxer.hikari.HikariDataSource       : HikariPool-1 - Shutdown initiated...
2021-03-18 18:14:18.606  INFO 5988 --- [SpringContextShutdownHook] com.zaxxer.hikari.HikariDataSource       : HikariPool-1 - Shutdown completed.
2021-03-18 18:14:44.895  INFO 19192 --- [main] c.s.sylleryum.SylleryumApplicationTests  : Starting SylleryumApplicationTests on DESKTOP-LIC1FJT with PID 19192 (started by computador in C:\Eclipse\All projects\BoostMyVocabulary)
2021-03-18 18:14:44.898 DEBUG 19192 --- [main] c.s.sylleryum.SylleryumApplicationTests  : Running with Spring Boot v2.3.3.RELEASE, Spring v5.2.8.RELEASE
2021-03-18 18:14:44.898  INFO 19192 --- [main] c.s.sylleryum.SylleryumApplicationTests  : The following profiles are active: dev
2021-03-18 18:14:46.018  INFO 19192 --- [main] .s.d.r.c.RepositoryConfigurationDelegate : Bootstrapping Spring Data JPA repositories in DEFERRED mode.
2021-03-18 18:14:46.114  INFO 19192 --- [main] .s.d.r.c.RepositoryConfigurationDelegate : Finished Spring Data repository scanning in 84ms. Found 3 JPA repository interfaces.
2021-03-18 18:14:46.868  INFO 19192 --- [main] o.s.s.concurrent.ThreadPoolTaskExecutor  : Initializing ExecutorService 'applicationTaskExecutor'
2021-03-18 18:14:47.119  WARN 19192 --- [main] JpaBaseConfiguration$JpaWebConfiguration : spring.jpa.open-in-view is enabled by default. Therefore, database queries may be performed during view rendering. Explicitly configure spring.jpa.open-in-view to disable this warning
2021-03-18 18:14:47.606  INFO 19192 --- [task-1] com.zaxxer.hikari.HikariDataSource       : HikariPool-1 - Starting...
2021-03-18 18:14:47.835  INFO 19192 --- [task-1] com.zaxxer.hikari.HikariDataSource       : HikariPool-1 - Start completed.
2021-03-18 18:14:49.744  INFO 19192 --- [task-1] j.LocalContainerEntityManagerFactoryBean : Initialized JPA EntityManagerFactory for persistence unit 'default'
2021-03-18 18:14:50.949  INFO 19192 --- [main] o.s.s.web.DefaultSecurityFilterChain     : Creating filter chain: any request, [org.springframework.security.web.context.request.async.WebAsyncManagerIntegrationFilter@3d798e76, org.springframework.security.web.context.SecurityContextPersistenceFilter@6e5f5478, org.springframework.security.web.header.HeaderWriterFilter@22c8ee48, org.springframework.web.filter.CorsFilter@763b0996, org.springframework.security.web.authentication.logout.LogoutFilter@64f3ca6, com.sylleryum.sylleryum.config.security.JwtUsernameAndPasswordAuthenticationFilter@386e9fd8, com.sylleryum.sylleryum.config.security.TokenFilter@618f627b, org.springframework.security.web.savedrequest.RequestCacheAwareFilter@49190ed6, org.springframework.security.web.servletapi.SecurityContextHolderAwareRequestFilter@3303e89e, org.springframework.security.web.authentication.AnonymousAuthenticationFilter@10745a02, org.springframework.security.web.session.SessionManagementFilter@2321e482, org.springframework.security.web.access.ExceptionTranslationFilter@15e08615, org.springframework.security.web.access.intercept.FilterSecurityInterceptor@12aa519b]
2021-03-18 18:14:51.515  INFO 19192 --- [main] DeferredRepositoryInitializationListener : Triggering deferred initialization of Spring Data repositories…
2021-03-18 18:14:51.653  INFO 19192 --- [main] DeferredRepositoryInitializationListener : Spring Data repositories initialized!
2021-03-18 18:14:51.663  INFO 19192 --- [main] c.s.sylleryum.SylleryumApplicationTests  : Started SylleryumApplicationTests in 7.121 seconds (JVM running for 8.643)
2021-03-18 18:15:33.634  WARN 19192 --- [HikariPool-1 housekeeper] com.zaxxer.hikari.pool.HikariPool        : HikariPool-1 - Thread starvation or clock leap detected (housekeeper delta=45s690ms987µs400ns).
2021-03-18 18:15:40.147  INFO 19192 --- [SpringContextShutdownHook] j.LocalContainerEntityManagerFactoryBean : Closing JPA EntityManagerFactory for persistence unit 'default'
2021-03-18 18:15:40.152  INFO 19192 --- [SpringContextShutdownHook] o.s.s.concurrent.ThreadPoolTaskExecutor  : Shutting down ExecutorService 'applicationTaskExecutor'
2021-03-18 18:15:40.165  INFO 19192 --- [SpringContextShutdownHook] com.zaxxer.hikari.HikariDataSource       : HikariPool-1 - Shutdown initiated...
2021-03-18 18:15:40.192  INFO 19192 --- [SpringContextShutdownHook] com.zaxxer.hikari.HikariDataSource       : HikariPool-1 - Shutdown completed.
